<?xml version="1.0" encoding="UTF-8" standalone="no"?><testsuite errors="1" failures="0" name="Get Random Joke" skipped="0" tests="3" time="0.11" timestamp="2024-05-21 06:55:29"><testcase name="Get a Random Joke"><error message="For input string: &quot;[140, 168, 346, 371, 276, 162, 235, 396, 246, 350]&quot;" type="java.lang.NumberFormatException">For input string: "[140, 168, 346, 371, 276, 162, 235, 396, 246, 350]"</error><system-err>For input string: "[140, 168, 346, 371, 276, 162, 235, 396, 246, 350]"
io.restassured.internal.common.path.ObjectConverter.convertObjectTo(ObjectConverter.groovy:29)
io.restassured.path.json.JsonPath.getInt(JsonPath.java:245)
co.com.demo.stepdefinitions.RandomJokeStepDefinitions.lambda$theResponseBodyShouldContainAJoke$3(RandomJokeStepDefinitions.java:27)
co.com.demo.stepdefinitions.RandomJokeStepDefinitions.theResponseBodyShouldContainAJoke(RandomJokeStepDefinitions.java:13)
io.cucumber.java.Invoker.doInvoke(Invoker.java:66)
io.cucumber.java.Invoker.invoke(Invoker.java:24)
io.cucumber.java.AbstractGlueDefinition.invokeMethod(AbstractGlueDefinition.java:47)
io.cucumber.java.JavaStepDefinition.execute(JavaStepDefinition.java:29)
io.cucumber.core.runner.CoreStepDefinition.execute(CoreStepDefinition.java:66)
io.cucumber.core.runner.PickleStepDefinitionMatch.runStep(PickleStepDefinitionMatch.java:63)
io.cucumber.core.runner.TestStep.executeStep(TestStep.java:84)
io.cucumber.core.runner.TestStep.run(TestStep.java:56)
io.cucumber.core.runner.PickleStepTestStep.run(PickleStepTestStep.java:51)
io.cucumber.core.runner.TestCase.run(TestCase.java:84)
io.cucumber.core.runner.Runner.runPickle(Runner.java:75)
io.cucumber.core.runtime.CucumberExecutionContext.lambda$runTestCase$5(CucumberExecutionContext.java:137)
io.cucumber.core.runtime.RethrowingThrowableCollector.executeAndThrow(RethrowingThrowableCollector.java:23)
io.cucumber.core.runtime.CucumberExecutionContext.runTestCase(CucumberExecutionContext.java:137)
io.cucumber.junit.FeatureRunner.runChild(FeatureRunner.java:144)
io.cucumber.junit.FeatureRunner.runChild(FeatureRunner.java:28)
io.cucumber.junit.FeatureRunner.run(FeatureRunner.java:137)
io.cucumber.junit.CucumberSerenityBaseRunner.runChild(CucumberSerenityBaseRunner.java:332)
io.cucumber.junit.CucumberSerenityBaseRunner.runChild(CucumberSerenityBaseRunner.java:53)
</system-err></testcase></testsuite>