<?xml version="1.0" encoding="UTF-8" standalone="no"?><testsuite errors="1" failures="0" name="Get Random Cat Facts" skipped="0" tests="1" time="0.08" timestamp="2024-05-21 03:03:32"><testcase name="Get a Random Cat Fact"><error message="Cannot invoke &quot;net.serenitybdd.screenplay.rest.abilities.CallAnApi.resolve(String)&quot; because the return value of &quot;net.serenitybdd.screenplay.rest.abilities.CallAnApi.as(net.serenitybdd.screenplay.Actor)&quot; is null" type="java.lang.NullPointerException">Cannot invoke "net.serenitybdd.screenplay.rest.abilities.CallAnApi.resolve(String)" because the return value of "net.serenitybdd.screenplay.rest.abilities.CallAnApi.as(net.serenitybdd.screenplay.Actor)" is null</error><system-err>Cannot invoke "net.serenitybdd.screenplay.rest.abilities.CallAnApi.resolve(String)" because the return value of "net.serenitybdd.screenplay.rest.abilities.CallAnApi.as(net.serenitybdd.screenplay.Actor)" is null
co.com.demo.interactions.OurGet.performAs(OurGet.java:20)
net.thucydides.core.steps.StepInterceptor.invokeMethod(StepInterceptor.java:523)
net.thucydides.core.steps.StepInterceptor.executeTestStepMethod(StepInterceptor.java:503)
net.thucydides.core.steps.StepInterceptor.runTestStep(StepInterceptor.java:475)
net.thucydides.core.steps.StepInterceptor.runOrSkipMethod(StepInterceptor.java:217)
net.thucydides.core.steps.StepInterceptor.testStepResult(StepInterceptor.java:204)
net.thucydides.core.steps.StepInterceptor.intercept(StepInterceptor.java:92)
co.com.demo.tasks.DoGet.performAs(DoGet.java:19)
net.thucydides.core.steps.StepInterceptor.invokeMethod(StepInterceptor.java:523)
net.thucydides.core.steps.StepInterceptor.executeTestStepMethod(StepInterceptor.java:503)
net.thucydides.core.steps.StepInterceptor.runTestStep(StepInterceptor.java:475)
net.thucydides.core.steps.StepInterceptor.runOrSkipMethod(StepInterceptor.java:217)
net.thucydides.core.steps.StepInterceptor.testStepResult(StepInterceptor.java:204)
net.thucydides.core.steps.StepInterceptor.intercept(StepInterceptor.java:92)
co.com.demo.stepdefinitions.CatsFactsStepDefinitions.iMakeAGETRequestTo(CatsFactsStepDefinitions.java:21)
io.cucumber.java.Invoker.doInvoke(Invoker.java:66)
io.cucumber.java.Invoker.invoke(Invoker.java:24)
io.cucumber.java.AbstractGlueDefinition.invokeMethod(AbstractGlueDefinition.java:47)
io.cucumber.java.JavaStepDefinition.execute(JavaStepDefinition.java:29)
io.cucumber.core.runner.CoreStepDefinition.execute(CoreStepDefinition.java:66)
io.cucumber.core.runner.PickleStepDefinitionMatch.runStep(PickleStepDefinitionMatch.java:63)
io.cucumber.core.runner.TestStep.executeStep(TestStep.java:84)
io.cucumber.core.runner.TestStep.run(TestStep.java:56)
io.cucumber.core.runner.PickleStepTestStep.run(PickleStepTestStep.java:51)
io.cucumber.core.runner.TestCase.run(TestCase.java:84)
io.cucumber.core.runner.Runner.runPickle(Runner.java:75)
io.cucumber.core.runtime.CucumberExecutionContext.lambda$runTestCase$5(CucumberExecutionContext.java:137)
io.cucumber.core.runtime.RethrowingThrowableCollector.executeAndThrow(RethrowingThrowableCollector.java:23)
io.cucumber.core.runtime.CucumberExecutionContext.runTestCase(CucumberExecutionContext.java:137)
io.cucumber.junit.FeatureRunner.runChild(FeatureRunner.java:144)
io.cucumber.junit.FeatureRunner.runChild(FeatureRunner.java:28)
io.cucumber.junit.FeatureRunner.run(FeatureRunner.java:137)
io.cucumber.junit.CucumberSerenityBaseRunner.runChild(CucumberSerenityBaseRunner.java:332)
io.cucumber.junit.CucumberSerenityBaseRunner.runChild(CucumberSerenityBaseRunner.java:53)
</system-err></testcase></testsuite>