<?xml version="1.0" encoding="UTF-8" standalone="no"?><testsuite errors="1" failures="0" name="Consulta del Clima Actual" skipped="0" tests="1" time="0.09" timestamp="2024-05-23 02:02:04"><testcase name="Obtener el clima actual de una ciudad"><error message="Cannot invoke &quot;Object.getClass()&quot; because &quot;object&quot; is null" type="java.lang.NullPointerException">Cannot invoke "Object.getClass()" because "object" is null</error><system-err>Cannot invoke "Object.getClass()" because "object" is null&#13;
net.thucydides.core.steps.StepFactory.injectOtherDependenciesInto(StepFactory.java:208)&#13;
net.thucydides.core.steps.StepFactory.instantiateUniqueStepLibraryFor(StepFactory.java:227)&#13;
net.thucydides.core.steps.StepFactory.getUniqueStepLibraryFor(StepFactory.java:155)&#13;
co.com.sofka.stepdefinitions.ClimaStepDefinitions.el_usuario_envía_una_solicitud_para_obtener_el_clima_actual_de_la_ciudad(ClimaStepDefinitions.java:25)&#13;
✽.el usuario envía una solicitud para obtener el clima actual de la ciudad "London"(file:///C:/Users/kathe/OneDrive/Desktop/EjScre/TallerCincoSRS/src/test/resources/features/clima.feature:10)&#13;
</system-err></testcase></testsuite>